<?xml version="1.0" encoding="UTF-8"?>
<testng-results ignored="0" total="1" passed="1" failed="0" skipped="0">
  <reporter-output>
  </reporter-output>
  <suite started-at="2023-03-14T13:32:51 IST" name="Suite" finished-at="2023-03-14T13:33:02 IST" duration-ms="11202">
    <groups>
      <group name="cucumber">
        <method signature="AbstractTestNGCucumberTests.runScenario(io.cucumber.testng.PickleWrapper,io.cucumber.testng.FeatureWrapper)[pri:0, instance:runner.RunCuke@73700b80]" name="runScenario" class="io.cucumber.testng.AbstractTestNGCucumberTests"/>
      </group> <!-- cucumber -->
    </groups>
    <test started-at="2023-03-14T13:32:51 IST" name="Test" finished-at="2023-03-14T13:33:02 IST" duration-ms="11202">
      <class name="runner.RunCuke">
        <test-method is-config="true" signature="setUpClass(org.testng.ITestContext)[pri:0, instance:runner.RunCuke@73700b80]" started-at="2023-03-14T13:32:51 IST" name="setUpClass" finished-at="2023-03-14T13:32:52 IST" duration-ms="1035" status="PASS">
          <params>
            <param index="0">
              <value>
                <![CDATA[org.testng.TestRunner@7e5843db]]>
              </value>
            </param>
          </params>
          <reporter-output>
          </reporter-output>
        </test-method> <!-- setUpClass -->
        <test-method signature="runScenario(io.cucumber.testng.PickleWrapper,io.cucumber.testng.FeatureWrapper)[pri:0, instance:runner.RunCuke@73700b80]" started-at="2023-03-14T13:32:52 IST" name="runScenario" description="Runs Cucumber Scenarios" data-provider="scenarios" finished-at="2023-03-14T13:33:02 IST" duration-ms="9446" status="PASS">
          <params>
            <param index="0">
              <value>
                <![CDATA["AutoIT"]]>
              </value>
            </param>
            <param index="1">
              <value>
                <![CDATA["Accepteance testing to validate Destkop application"]]>
              </value>
            </param>
          </params>
          <reporter-output>
          </reporter-output>
        </test-method> <!-- runScenario -->
        <test-method is-config="true" signature="tearDownClass()[pri:0, instance:runner.RunCuke@73700b80]" started-at="2023-03-14T13:33:02 IST" name="tearDownClass" finished-at="2023-03-14T13:33:02 IST" duration-ms="660" status="PASS">
          <reporter-output>
          </reporter-output>
        </test-method> <!-- tearDownClass -->
      </class> <!-- runner.RunCuke -->
    </test> <!-- Test -->
  </suite> <!-- Suite -->
</testng-results>
